%!Adobe-FontList 1.14
%Locale:0x40c

%BeginFont
Handler:DirectoryHandler
FontType:Type1
FontName:MinionPro-It
FamilyName:Minion Pro
StyleName:Italic
FullName:Minion Pro Italic
MenuName:Minion Pro
StyleBits:1
WritingScript:Roman
OutlineFileName:D:\Vie active\Musée Radiologie\Catalogue\github\Dossier Catalogue_NL\Document fonts\MinionPro-It.otf
DataFormat:sfntData
UsesStandardEncoding:yes
isCFF:yes
FileLength:258056
FileModTime:1329303226
WeightClass:400
WidthClass:5
AngleClass:1
DesignSize:110
%EndFont

%BeginFont
Handler:DirectoryHandler
FontType:Type1
FontName:MinionPro-Regular
FamilyName:Minion Pro
StyleName:Regular
FullName:Minion Pro
MenuName:Minion Pro
StyleBits:0
WritingScript:Roman
OutlineFileName:D:\Vie active\Musée Radiologie\Catalogue\github\Dossier Catalogue_NL\Document fonts\MinionPro-Regular.otf
DataFormat:sfntData
UsesStandardEncoding:yes
isCFF:yes
FileLength:217280
FileModTime:1329303226
WeightClass:400
WidthClass:5
AngleClass:0
DesignSize:110
%EndFont

%BeginFont
Handler:DirectoryHandler
FontType:TrueType
FontName:Rockwell
FamilyName:Rockwell
StyleName:Regular
FullName:Rockwell
MenuName:Rockwell
StyleBits:0
WritingScript:Roman
OutlineFileName:D:\Vie active\Musée Radiologie\Catalogue\github\Dossier Catalogue_NL\Document fonts\ROCK.TTF
DataFormat:sfntData
FileLength:72272
FileModTime:1458343554
WeightClass:400
WidthClass:5
AngleClass:0
%EndFont

%BeginFont
Handler:DirectoryHandler
FontType:TrueType
FontName:Walbaum-Roman
FamilyName:Walbaum
StyleName:Regular
FullName:12 Walbaum** Roman   05263
MenuName:Walbaum
StyleBits:0
WritingScript:Roman
OutlineFileName:D:\Vie active\Musée Radiologie\Catalogue\github\Dossier Catalogue_NL\Document fonts\ufonts.com_12-walbaum-roman-05263.ttf
DataFormat:sfntData
FileLength:83624
FileModTime:1455289129
WeightClass:400
WidthClass:5
AngleClass:0
%EndFont

%BeginFont
Handler:DirectoryHandler
FontType:TrueType
FontName:RockwellBold
FamilyName:Rockwell-Bold
StyleName:Regular
FullName:Rockwell Bold
MenuName:Rockwell-Bold
StyleBits:0
WritingScript:Roman
OutlineFileName:D:\Vie active\Musée Radiologie\Catalogue\github\Dossier Catalogue_NL\Document fonts\ufonts.com_rockwell-bold.ttf
DataFormat:sfntData
FileLength:33616
FileModTime:1455213613
WeightClass:400
WidthClass:5
AngleClass:0
%EndFont

%BeginFont
Handler:DirectoryHandler
FontType:TrueType
FontName:Rockwell-Light
FamilyName:Rockwell Light
StyleName:Regular
FullName:Rockwell Light
MenuName:Rockwell Light
StyleBits:0
WritingScript:Roman
OutlineFileName:D:\Vie active\Musée Radiologie\Catalogue\github\Dossier Catalogue_NL\Document fonts\ufonts.com_rockwell-light.ttf
DataFormat:sfntData
FileLength:36300
FileModTime:1455213846
WeightClass:400
WidthClass:5
AngleClass:0
%EndFont

%BeginFont
Handler:DirectoryHandler
FontType:TrueType
FontName:WalbaumBold
FamilyName:Walbaum
StyleName:Bold
FullName:Walbaum Bold
MenuName:Walbaum
StyleBits:2
WritingScript:Roman
OutlineFileName:D:\Vie active\Musée Radiologie\Catalogue\github\Dossier Catalogue_NL\Document fonts\ufonts.com_walbaum-bold.ttf
DataFormat:sfntData
FileLength:83988
FileModTime:1455290792
WeightClass:700
WidthClass:5
AngleClass:0
%EndFont

%BeginFont
Handler:DirectoryHandler
FontType:TrueType
FontName:Walbaum-Italic
FamilyName:Walbaum
StyleName:Italic
FullName:Walbaum Italic
MenuName:Walbaum
StyleBits:1
WritingScript:Roman
OutlineFileName:D:\Vie active\Musée Radiologie\Catalogue\github\Dossier Catalogue_NL\Document fonts\ufonts.com_walbaum-italic (1).ttf
DataFormat:sfntData
FileLength:53076
FileModTime:1455459904
WeightClass:400
WidthClass:5
AngleClass:0
%EndFont

%BeginFont
Handler:DirectoryHandler
FontType:TrueType
FontName:Wingdings-Regular
FamilyName:Wingdings
StyleName:Regular
FullName:Wingdings
MenuName:Wingdings
StyleBits:0
WritingScript:Roman
OutlineFileName:D:\Vie active\Musée Radiologie\Catalogue\github\Dossier Catalogue_NL\Document fonts\wingding.ttf
DataFormat:sfntData
FileLength:82180
FileModTime:1506688890
WeightClass:400
WidthClass:5
AngleClass:0
%EndFont

